<?xml version="1.0" encoding="UTF-8"?>
<!-- Generated by org.testng.reporters.JUnitXMLReporter -->
<testsuite ignored="2" hostname="LAPTOP-BIEJCLNB" failures="0" tests="3" name="Test" time="0.068" errors="0" timestamp="2023-09-25T10:36:51 IST">
  <testcase classname="testng.TestNGgrouping" name="main1" time="0.008"/>
  <testcase classname="testng.TestNGgrouping" name="main2" time="0.005"/>
  <testcase classname="testng.TestNGgrouping" name="main4" time="0.001"/>
  <testcase classname="testng.TestNGgrouping" name="main5" time="0.0">
    <ignored/>
  </testcase> <!-- main5 -->
  <testcase classname="testng.TestNGgrouping" name="main3" time="0.0">
    <ignored/>
  </testcase> <!-- main3 -->
</testsuite> <!-- Test -->
