<?xml version="1.0" encoding="UTF-8"?>
<testng-results ignored="0" total="1" passed="1" failed="0" skipped="0">
  <reporter-output>
  </reporter-output>
  <suite started-at="2023-10-11T19:47:01 IST" name="Default suite" finished-at="2023-10-11T19:47:06 IST" duration-ms="4770">
    <groups>
    </groups>
    <test started-at="2023-10-11T19:47:01 IST" name="Default test" finished-at="2023-10-11T19:47:06 IST" duration-ms="4770">
      <class name="test.FBtest">
        <test-method is-config="true" signature="setup()[pri:0, instance:test.FBtest@3bd82cf5]" started-at="2023-10-11T19:47:01 IST" name="setup" finished-at="2023-10-11T19:47:04 IST" duration-ms="2710" status="PASS">
          <reporter-output>
          </reporter-output>
        </test-method> <!-- setup -->
        <test-method is-config="true" signature="url()[pri:0, instance:test.FBtest@3bd82cf5]" started-at="2023-10-11T19:47:04 IST" name="url" finished-at="2023-10-11T19:47:06 IST" duration-ms="1811" status="PASS">
          <reporter-output>
          </reporter-output>
        </test-method> <!-- url -->
        <test-method signature="testlogin()[pri:0, instance:test.FBtest@3bd82cf5]" started-at="2023-10-11T19:47:06 IST" name="testlogin" finished-at="2023-10-11T19:47:06 IST" duration-ms="204" status="PASS">
          <reporter-output>
          </reporter-output>
        </test-method> <!-- testlogin -->
      </class> <!-- test.FBtest -->
    </test> <!-- Default test -->
  </suite> <!-- Default suite -->
</testng-results>
